<?xml version="1.0" encoding="UTF-8"?>
<!-- Generated by org.testng.reporters.JUnitReportReporter -->
<testsuite skipped="0" hostname="senthilvenu" name="Testing.TestingSample" tests="4" failures="0" timestamp="27 Jul 2021 20:22:02 GMT" time="0.047" errors="0">
  <testcase name="STestDeposit" time="0.007" classname="Testing.TestingSample"/>
  <testcase name="BTestCreditcard" time="0.008" classname="Testing.TestingSample"/>
  <testcase name="ATestConsuerloan" time="0.029" classname="Testing.TestingSample"/>
  <testcase name="Testlogin" time="0.003" classname="Testing.TestingSample"/>
</testsuite> <!-- Testing.TestingSample -->
