<?xml version="1.0" encoding="UTF-8"?>
<!-- Generated by org.testng.reporters.JUnitReportReporter -->
<testsuite skipped="0" hostname="senthilvenu" name="Testing.TestingSample" tests="4" failures="0" timestamp="08 Jan 2018 15:56:40 GMT" time="0.020" errors="0">
  <testcase name="ATestConsuerloan" time="0.012" classname="Testing.TestingSample"/>
  <testcase name="STestDeposit" time="0.003" classname="Testing.TestingSample"/>
  <testcase name="Testlogin" time="0.001" classname="Testing.TestingSample"/>
  <testcase name="BTestCreditcard" time="0.004" classname="Testing.TestingSample"/>
</testsuite> <!-- Testing.TestingSample -->
