<?xml version="1.0" encoding="UTF-8"?>
<!-- Generated by org.testng.reporters.JUnitReportReporter -->
<testsuite hostname="senthilvenu" name="Testing.Testing" tests="2" failures="0" timestamp="13 Jan 2018 07:16:47 GMT" time="21.708" errors="0">
  <testcase name="login" time="0.015" classname="Testing.Testing"/>
  <testcase name="Creditcard" time="21.693" classname="Testing.Testing"/>
</testsuite> <!-- Testing.Testing -->
