<?xml version="1.0" encoding="UTF-8"?>
<!-- Generated by org.testng.reporters.JUnitReportReporter -->
<testsuite skipped="0" hostname="senthilvenu" name="Testing.Testing" tests="4" failures="0" timestamp="27 Jul 2021 19:07:56 GMT" time="19.959" errors="0">
  <testcase name="login" time="0.051" classname="Testing.Testing"/>
  <testcase name="Deposit" time="0.016" classname="Testing.Testing"/>
  <testcase name="Creditcard" time="19.887" classname="Testing.Testing"/>
  <testcase name="Consuerloan" time="0.005" classname="Testing.Testing"/>
</testsuite> <!-- Testing.Testing -->
